Arguments: 
  C:\Program Files\nodejs\node.exe C:\Users\lihang\AppData\Roaming\npm\node_modules\yarn\bin\yarn.js add jsonwebtokenjsonwebtoken

PATH: 
  C:\WINDOWS\system32;C:\WINDOWS;C:\WINDOWS\System32\Wbem;C:\WINDOWS\System32\WindowsPowerShell\v1.0\;C:\WINDOWS\System32\OpenSSH\;C:\Program Files (x86)\Intel\Intel(R) Management Engine Components\DAL;C:\Program Files\Intel\Intel(R) Management Engine Components\DAL;C:\Program Files\Git\cmd;C:\Go\bin;C:\Users\lihang\Downloads\新建文件夹\;C:\Program Files\CMake\bin;C:\mysql\mysql-8.0.20-winx64\bin;C:\Program Files\VisualSVN Server\bin;C:\Program Files\TortoiseSVN\bin;C:\maven\apache-maven-3.6.3\bin;C:\Program Files\nodejs\;C:\Program Files\Docker\Docker\resources\bin;C:\ProgramData\DockerDesktop\version-bin;C:\Users\lihang\AppData\Local\Android\Sdk\platform-tools;C:\Users\lihang\AppData\Local\Android\Sdk\emulator;C:\Users\lihang\AppData\Local\Android\Sdk\tools;C:\Users\lihang\AppData\Local\Android\Sdk\tools\bin;C:\Program Files\Java\jdk1.8.0_281\bin;C:\Program Files\TortoiseGit\bin;C:\Python37\Scripts\;C:\Python37;C:\Users\lihang\AppData\Local\Microsoft\WindowsApps;C:\Users\lihang\go\bin;C:\Program Files\Java\jdk1.8.0_281\bin;C:\Program Files\JetBrains\IntelliJ IDEA 2020.3.2\bin;;C:\Users\lihang\AppData\Roaming\npm;C:\Users\lihang\VSCODE\bin;

Yarn version: 
  1.22.10

Node version: 
  14.15.5

Platform: 
  win32 x64

Trace: 
  Error: https://registry.npm.taobao.org/jsonwebtokenjsonwebtoken: Not found
      at Request.params.callback [as _callback] (C:\Users\lihang\AppData\Roaming\npm\node_modules\yarn\lib\cli.js:66988:18)
      at Request.self.callback (C:\Users\lihang\AppData\Roaming\npm\node_modules\yarn\lib\cli.js:140662:22)
      at Request.emit (events.js:315:20)
      at Request.<anonymous> (C:\Users\lihang\AppData\Roaming\npm\node_modules\yarn\lib\cli.js:141634:10)
      at Request.emit (events.js:315:20)
      at IncomingMessage.<anonymous> (C:\Users\lihang\AppData\Roaming\npm\node_modules\yarn\lib\cli.js:141556:12)
      at Object.onceWrapper (events.js:421:28)
      at IncomingMessage.emit (events.js:327:22)
      at endReadableNT (internal/streams/readable.js:1327:12)
      at processTicksAndRejections (internal/process/task_queues.js:80:21)

npm manifest: 
  {
    "dependencies": {
      "crypto": "^1.0.1",
      "crypto-js": "^4.1.1"
    }
  }

yarn manifest: 
  No manifest

Lockfile: 
  # THIS IS AN AUTOGENERATED FILE. DO NOT EDIT THIS FILE DIRECTLY.
  # yarn lockfile v1
  
  
  crypto-js@^4.1.1:
    version "4.1.1"
    resolved "https://registry.nlark.com/crypto-js/download/crypto-js-4.1.1.tgz#9e485bcf03521041bd85844786b83fb7619736cf"
    integrity sha1-nkhbzwNSEEG9hYRHhrg/t2GXNs8=
  
  crypto@^1.0.1:
    version "1.0.1"
    resolved "https://registry.npm.taobao.org/crypto/download/crypto-1.0.1.tgz#2af1b7cad8175d24c8a1b0778255794a21803037"
    integrity sha1-KvG3ytgXXSTIobB3glV5SiGAMDc=
